<?xml version="1.0" encoding="UTF-8"?>
<testsuite name="SillyTest" tests="1" skipped="0" failures="0" errors="0" timestamp="2023-05-21T19:43:59" hostname="LAPTOP-BV5DVPHG" time="0.01">
  <properties/>
  <testcase name="testTask5" classname="SillyTest" time="0.01"/>
  <system-out><![CDATA[]]></system-out>
  <system-err><![CDATA[]]></system-err>
</testsuite>
